[2025-04-10 16:05:41,218][INFO] Starting Crypto Arbitrage Bot (headless mode)
[2025-04-10 16:05:42,793][INFO] Fetched prices: {'coinbase': 79791.44}
[2025-04-10 16:05:42,794][INFO] No arbitrage opportunities at the moment
[2025-04-10 16:05:47,906][INFO] Fetched prices: {'coinbase': 79791.43}
[2025-04-10 16:05:47,907][INFO] No arbitrage opportunities at the moment
[2025-04-10 16:05:53,020][INFO] Fetched prices: {'coinbase': 79821.28}
[2025-04-10 16:05:53,020][INFO] No arbitrage opportunities at the moment
[2025-04-10 16:05:58,220][INFO] Fetched prices: {'coinbase': 79807.11}
[2025-04-10 16:05:58,221][INFO] No arbitrage opportunities at the moment
[2025-04-10 16:06:03,327][INFO] Fetched prices: {'coinbase': 79802.91}
[2025-04-10 16:06:03,328][INFO] No arbitrage opportunities at the moment
[2025-04-10 16:06:08,367][INFO] Fetched prices: {'coinbase': 79799.66}
[2025-04-10 16:06:08,368][INFO] No arbitrage opportunities at the moment
[2025-04-10 16:06:13,477][INFO] Fetched prices: {'coinbase': 79821.29}
[2025-04-10 16:06:13,477][INFO] No arbitrage opportunities at the moment
[2025-04-10 16:06:18,604][INFO] Fetched prices: {'coinbase': 79815.44}
[2025-04-10 16:06:18,606][INFO] No arbitrage opportunities at the moment
[2025-04-10 16:06:23,716][INFO] Fetched prices: {'coinbase': 79809.62}
[2025-04-10 16:06:23,718][INFO] No arbitrage opportunities at the moment
[2025-04-10 16:06:28,829][INFO] Fetched prices: {'coinbase': 79809.6}
[2025-04-10 16:06:28,829][INFO] No arbitrage opportunities at the moment
[2025-04-10 16:06:33,957][INFO] Fetched prices: {'coinbase': 79770.44}
[2025-04-10 16:06:33,959][INFO] No arbitrage opportunities at the moment
[2025-04-10 16:06:39,011][INFO] Fetched prices: {'coinbase': 79800.26}
[2025-04-10 16:06:39,013][INFO] No arbitrage opportunities at the moment
[2025-04-10 16:06:44,144][INFO] Fetched prices: {'coinbase': 79800.44}
[2025-04-10 16:06:44,145][INFO] No arbitrage opportunities at the moment
[2025-04-10 16:06:49,257][INFO] Fetched prices: {'coinbase': 79807.66}
[2025-04-10 16:06:49,257][INFO] No arbitrage opportunities at the moment
[2025-04-10 16:06:54,371][INFO] Fetched prices: {'coinbase': 79800.46}
[2025-04-10 16:06:54,372][INFO] No arbitrage opportunities at the moment
[2025-04-10 16:06:59,487][INFO] Fetched prices: {'coinbase': 79837.05}
[2025-04-10 16:06:59,488][INFO] No arbitrage opportunities at the moment
[2025-04-10 16:07:04,531][INFO] Fetched prices: {'coinbase': 79846.07}
[2025-04-10 16:07:04,531][INFO] No arbitrage opportunities at the moment
[2025-04-10 16:07:09,580][INFO] Fetched prices: {'coinbase': 79845.01}
[2025-04-10 16:07:09,581][INFO] No arbitrage opportunities at the moment
[2025-04-10 16:07:14,732][INFO] Fetched prices: {'coinbase': 79805.08}
[2025-04-10 16:07:14,733][INFO] No arbitrage opportunities at the moment
[2025-04-10 16:07:19,945][INFO] Fetched prices: {'coinbase': 79805.08}
[2025-04-10 16:07:19,946][INFO] No arbitrage opportunities at the moment
[2025-04-10 16:07:25,063][INFO] Fetched prices: {'coinbase': 79815.57}
[2025-04-10 16:07:25,064][INFO] No arbitrage opportunities at the moment
[2025-04-10 16:07:30,166][INFO] Fetched prices: {'coinbase': 79802.35}
[2025-04-10 16:07:30,167][INFO] No arbitrage opportunities at the moment
[2025-04-10 16:15:32,988][INFO] Starting Crypto Arbitrage Bot (headless mode)
[2025-04-10 16:15:34,438][INFO] Fetched prices: {'coinbase': 79777.35}
[2025-04-10 16:15:34,438][INFO] No arbitrage opportunities at the moment
[2025-04-10 16:15:39,520][INFO] Fetched prices: {'coinbase': 79743.27}
[2025-04-10 16:15:39,521][INFO] No arbitrage opportunities at the moment
[2025-04-10 16:15:44,614][INFO] Fetched prices: {'coinbase': 79741.22}
[2025-04-10 16:15:44,615][INFO] No arbitrage opportunities at the moment
[2025-04-10 16:15:49,664][INFO] Fetched prices: {'coinbase': 79748.11}
[2025-04-10 16:15:49,665][INFO] No arbitrage opportunities at the moment
[2025-04-10 16:15:54,801][INFO] Fetched prices: {'coinbase': 79749.38}
[2025-04-10 16:15:54,801][INFO] No arbitrage opportunities at the moment
[2025-04-10 16:15:59,852][INFO] Fetched prices: {'coinbase': 79749.37}
[2025-04-10 16:15:59,853][INFO] No arbitrage opportunities at the moment
[2025-04-10 16:16:04,902][INFO] Fetched prices: {'coinbase': 79752.0}
[2025-04-10 16:16:04,903][INFO] No arbitrage opportunities at the moment
[2025-04-10 16:16:09,947][INFO] Fetched prices: {'coinbase': 79752.01}
[2025-04-10 16:16:09,947][INFO] No arbitrage opportunities at the moment
[2025-04-10 16:16:14,998][INFO] Fetched prices: {'coinbase': 79753.81}
[2025-04-10 16:16:14,999][INFO] No arbitrage opportunities at the moment
[2025-04-10 16:16:20,097][INFO] Fetched prices: {'coinbase': 79753.8}
[2025-04-10 16:16:20,098][INFO] No arbitrage opportunities at the moment
[2025-04-10 16:16:25,202][INFO] Fetched prices: {'coinbase': 79753.04}
[2025-04-10 16:16:25,204][INFO] No arbitrage opportunities at the moment
[2025-04-10 16:16:30,321][INFO] Fetched prices: {'coinbase': 79753.04}
[2025-04-10 16:16:30,322][INFO] No arbitrage opportunities at the moment
[2025-04-10 16:16:35,371][INFO] Fetched prices: {'coinbase': 79751.24}
[2025-04-10 16:16:35,372][INFO] No arbitrage opportunities at the moment
[2025-04-10 16:16:40,413][INFO] Fetched prices: {'coinbase': 79746.6}
[2025-04-10 16:16:40,414][INFO] No arbitrage opportunities at the moment
[2025-04-10 16:16:45,518][INFO] Fetched prices: {'coinbase': 79738.84}
[2025-04-10 16:16:45,520][INFO] No arbitrage opportunities at the moment
[2025-04-10 16:16:50,576][INFO] Fetched prices: {'coinbase': 79738.84}
[2025-04-10 16:16:50,577][INFO] No arbitrage opportunities at the moment
[2025-04-10 16:16:55,621][INFO] Fetched prices: {'coinbase': 79738.83}
[2025-04-10 16:16:55,622][INFO] No arbitrage opportunities at the moment
[2025-04-10 16:17:00,671][INFO] Fetched prices: {'coinbase': 79731.61}
[2025-04-10 16:17:00,671][INFO] No arbitrage opportunities at the moment
[2025-04-10 16:20:02,390][INFO] Starting Crypto Arbitrage Bot (headless mode)
[2025-04-10 16:20:04,211][INFO] Fetched prices: {'coinbase': 79693.69, 'binance': 79874.92}
[2025-04-10 16:20:04,211][ERROR] Error in main loop: name 'j' is not defined
[2025-04-10 16:20:09,323][INFO] Fetched prices: {'coinbase': 79674.01, 'binance': 79874.92}
[2025-04-10 16:20:09,324][ERROR] Error in main loop: name 'j' is not defined
[2025-04-10 16:20:14,395][INFO] Fetched prices: {'coinbase': 79657.79, 'binance': 79874.92}
[2025-04-10 16:20:14,397][ERROR] Error in main loop: name 'j' is not defined
[2025-04-10 16:20:19,510][INFO] Fetched prices: {'coinbase': 79656.57, 'binance': 79874.92}
[2025-04-10 16:20:19,510][ERROR] Error in main loop: name 'j' is not defined
[2025-04-10 16:20:24,635][INFO] Fetched prices: {'coinbase': 79629.75, 'binance': 79874.92}
[2025-04-10 16:20:24,636][ERROR] Error in main loop: name 'j' is not defined
[2025-04-10 16:20:29,803][INFO] Fetched prices: {'coinbase': 79632.5, 'binance': 79874.92}
[2025-04-10 16:20:29,804][ERROR] Error in main loop: name 'j' is not defined
[2025-04-10 16:20:34,918][INFO] Fetched prices: {'coinbase': 79611.74, 'binance': 79874.92}
[2025-04-10 16:20:34,918][ERROR] Error in main loop: name 'j' is not defined
[2025-04-10 16:20:40,024][INFO] Fetched prices: {'coinbase': 79620.81, 'binance': 79874.92}
[2025-04-10 16:20:40,025][ERROR] Error in main loop: name 'j' is not defined
[2025-04-10 16:20:45,095][INFO] Fetched prices: {'coinbase': 79628.7, 'binance': 79874.92}
[2025-04-10 16:20:45,097][ERROR] Error in main loop: name 'j' is not defined
[2025-04-10 16:20:50,207][INFO] Fetched prices: {'coinbase': 79628.7, 'binance': 79874.92}
[2025-04-10 16:20:50,208][ERROR] Error in main loop: name 'j' is not defined
[2025-04-10 16:20:55,311][INFO] Fetched prices: {'coinbase': 79632.5, 'binance': 79874.92}
[2025-04-10 16:20:55,312][ERROR] Error in main loop: name 'j' is not defined
[2025-04-10 16:22:57,865][INFO] Starting Crypto Arbitrage Bot (headless mode)
[2025-04-10 16:22:59,453][INFO] Fetched prices: {'coinbase': 79572.38, 'binance': 79874.92}
[2025-04-10 16:22:59,453][INFO] No arbitrage opportunities at the moment
[2025-04-10 16:23:04,515][INFO] Fetched prices: {'coinbase': 79577.45, 'binance': 79874.92}
[2025-04-10 16:23:04,516][INFO] No arbitrage opportunities at the moment
[2025-04-10 16:23:09,616][INFO] Fetched prices: {'coinbase': 79577.46, 'binance': 79874.92}
[2025-04-10 16:23:09,617][INFO] No arbitrage opportunities at the moment
[2025-04-10 16:23:14,777][INFO] Fetched prices: {'coinbase': 79573.07, 'binance': 79874.92}
[2025-04-10 16:23:14,777][INFO] No arbitrage opportunities at the moment
[2025-04-10 16:32:22,267][INFO] Starting Crypto Arbitrage Bot (headless mode)
[2025-04-10 16:32:23,945][INFO] Fetched prices: {'coinbase': 79681.55, 'binance': 79874.92}
[2025-04-10 16:32:23,946][INFO] No arbitrage opportunities at the moment
[2025-04-10 16:32:29,069][INFO] Fetched prices: {'coinbase': 79681.55, 'binance': 79874.92}
[2025-04-10 16:32:29,070][INFO] No arbitrage opportunities at the moment
[2025-04-10 16:32:34,216][INFO] Fetched prices: {'coinbase': 79711.37, 'binance': 79874.92}
[2025-04-10 16:32:34,218][INFO] No arbitrage opportunities at the moment
[2025-04-10 16:32:39,293][INFO] Fetched prices: {'coinbase': 79737.08, 'binance': 79874.92}
[2025-04-10 16:32:39,294][INFO] No arbitrage opportunities at the moment
[2025-04-10 16:32:44,413][INFO] Fetched prices: {'coinbase': 79717.78, 'binance': 79874.92}
[2025-04-10 16:32:44,414][INFO] No arbitrage opportunities at the moment
[2025-04-10 16:32:49,522][INFO] Fetched prices: {'coinbase': 79728.05, 'binance': 79874.92}
[2025-04-10 16:32:49,523][INFO] No arbitrage opportunities at the moment
[2025-04-10 16:32:54,637][INFO] Fetched prices: {'coinbase': 79728.05, 'binance': 79874.92}
[2025-04-10 16:32:54,638][INFO] No arbitrage opportunities at the moment
[2025-04-10 16:32:59,789][INFO] Fetched prices: {'coinbase': 79729.61, 'binance': 79874.92}
[2025-04-10 16:32:59,792][INFO] No arbitrage opportunities at the moment
[2025-04-10 16:33:04,871][INFO] Fetched prices: {'coinbase': 79713.06, 'binance': 79874.92}
[2025-04-10 16:33:04,872][INFO] No arbitrage opportunities at the moment
[2025-04-10 16:33:10,019][INFO] Fetched prices: {'coinbase': 79721.62, 'binance': 79874.92}
[2025-04-10 16:33:10,020][INFO] No arbitrage opportunities at the moment
[2025-04-10 16:34:14,430][INFO] Starting Crypto Arbitrage Bot (headless mode)
[2025-04-10 16:34:16,540][INFO] Fetched prices: {'coinbase': 79645.3, 'binance': 79874.92}
[2025-04-10 16:34:16,540][INFO] No arbitrage opportunities at the moment
[2025-04-10 16:34:21,610][INFO] Fetched prices: {'coinbase': 79653.85, 'binance': 79874.92}
[2025-04-10 16:34:21,610][INFO] No arbitrage opportunities at the moment
[2025-04-10 16:34:26,741][INFO] Fetched prices: {'coinbase': 79669.87, 'binance': 79874.92}
[2025-04-10 16:34:26,742][INFO] No arbitrage opportunities at the moment
[2025-04-10 16:34:31,883][INFO] Fetched prices: {'coinbase': 79665.69, 'binance': 79874.92}
[2025-04-10 16:34:31,885][INFO] No arbitrage opportunities at the moment
[2025-04-10 16:34:37,023][INFO] Fetched prices: {'coinbase': 79667.12, 'binance': 79874.92}
[2025-04-10 16:34:37,025][INFO] No arbitrage opportunities at the moment
[2025-04-10 16:34:42,258][INFO] Fetched prices: {'coinbase': 79674.33, 'binance': 79874.92}
[2025-04-10 16:34:42,259][INFO] No arbitrage opportunities at the moment
[2025-04-10 16:34:47,338][INFO] Fetched prices: {'coinbase': 79666.46, 'binance': 79874.92}
[2025-04-10 16:34:47,340][INFO] No arbitrage opportunities at the moment
[2025-04-10 16:34:52,411][INFO] Fetched prices: {'coinbase': 79662.09, 'binance': 79874.92}
[2025-04-10 16:34:52,412][INFO] No arbitrage opportunities at the moment
[2025-04-10 16:34:57,599][INFO] Fetched prices: {'coinbase': 79672.82, 'binance': 79874.92}
[2025-04-10 16:34:57,600][INFO] No arbitrage opportunities at the moment
[2025-04-10 16:35:02,739][INFO] Fetched prices: {'coinbase': 79684.21, 'binance': 79874.92}
[2025-04-10 16:35:02,740][INFO] No arbitrage opportunities at the moment
[2025-04-10 16:35:07,882][INFO] Fetched prices: {'coinbase': 79699.88, 'binance': 79874.92}
[2025-04-10 16:35:07,884][INFO] No arbitrage opportunities at the moment
[2025-04-10 16:35:13,103][INFO] Fetched prices: {'coinbase': 79680.28, 'binance': 79874.92}
[2025-04-10 16:35:13,104][INFO] No arbitrage opportunities at the moment
[2025-04-10 16:35:18,197][INFO] Fetched prices: {'coinbase': 79680.29, 'binance': 79874.92}
[2025-04-10 16:35:18,199][INFO] No arbitrage opportunities at the moment
[2025-04-10 16:35:23,349][INFO] Fetched prices: {'coinbase': 79680.09, 'binance': 79874.92}
[2025-04-10 16:35:23,350][INFO] No arbitrage opportunities at the moment
[2025-04-10 16:35:28,477][INFO] Fetched prices: {'coinbase': 79680.09, 'binance': 79874.92}
[2025-04-10 16:35:28,478][INFO] No arbitrage opportunities at the moment
[2025-04-10 16:35:33,630][INFO] Fetched prices: {'coinbase': 79679.5, 'binance': 79874.92}
[2025-04-10 16:35:33,630][INFO] No arbitrage opportunities at the moment
[2025-04-10 16:35:38,767][INFO] Fetched prices: {'coinbase': 79691.31, 'binance': 79874.92}
[2025-04-10 16:35:38,768][INFO] No arbitrage opportunities at the moment
[2025-04-10 16:35:43,928][INFO] Fetched prices: {'coinbase': 79683.44, 'binance': 79874.92}
[2025-04-10 16:35:43,930][INFO] No arbitrage opportunities at the moment
[2025-04-10 16:35:49,036][INFO] Fetched prices: {'coinbase': 79685.79, 'binance': 79874.92}
[2025-04-10 16:35:49,037][INFO] No arbitrage opportunities at the moment
[2025-04-10 20:09:14,542][INFO] Starting Crypto Arbitrage Bot (headless mode)
[2025-04-10 20:09:16,647][INFO] Fetched prices: {'coinbase': 79484.98, 'binance': 79650.0}
[2025-04-10 20:09:16,648][INFO] No arbitrage opportunities at the moment
[2025-04-10 20:09:21,789][INFO] Fetched prices: {'coinbase': 79481.92, 'binance': 79650.0}
[2025-04-10 20:09:21,790][INFO] No arbitrage opportunities at the moment
[2025-04-10 20:09:26,891][INFO] Fetched prices: {'coinbase': 79484.7, 'binance': 79650.0}
[2025-04-10 20:09:26,892][INFO] No arbitrage opportunities at the moment
[2025-04-10 20:09:32,019][INFO] Fetched prices: {'coinbase': 79480.73, 'binance': 79650.0}
[2025-04-10 20:09:32,020][INFO] No arbitrage opportunities at the moment
[2025-04-10 20:09:37,250][INFO] Fetched prices: {'coinbase': 79497.71, 'binance': 79650.0}
[2025-04-10 20:09:37,251][INFO] No arbitrage opportunities at the moment
[2025-04-10 20:09:42,398][INFO] Fetched prices: {'coinbase': 79506.6, 'binance': 79650.0}
[2025-04-10 20:09:42,399][INFO] No arbitrage opportunities at the moment
[2025-04-10 20:09:47,525][INFO] Fetched prices: {'coinbase': 79558.49, 'binance': 79650.0}
[2025-04-10 20:09:47,526][INFO] No arbitrage opportunities at the moment
[2025-04-10 20:09:52,713][INFO] Fetched prices: {'coinbase': 79549.41, 'binance': 79650.0}
[2025-04-10 20:09:52,715][INFO] No arbitrage opportunities at the moment
[2025-04-10 20:09:57,937][INFO] Fetched prices: {'coinbase': 79586.12, 'binance': 79650.0}
[2025-04-10 20:09:57,939][INFO] No arbitrage opportunities at the moment
[2025-04-10 20:10:03,263][INFO] Fetched prices: {'coinbase': 79570.04, 'binance': 79650.0}
[2025-04-10 20:10:03,265][INFO] No arbitrage opportunities at the moment
[2025-04-10 20:10:08,400][INFO] Fetched prices: {'coinbase': 79579.32, 'binance': 79650.0}
[2025-04-10 20:10:08,401][INFO] No arbitrage opportunities at the moment
[2025-04-10 20:10:13,562][INFO] Fetched prices: {'coinbase': 79610.07, 'binance': 79650.0}
[2025-04-10 20:10:13,564][INFO] No arbitrage opportunities at the moment
[2025-04-10 20:10:18,825][INFO] Fetched prices: {'coinbase': 79642.51, 'binance': 79650.0}
[2025-04-10 20:10:18,826][INFO] No arbitrage opportunities at the moment
[2025-04-10 20:10:24,029][INFO] Fetched prices: {'coinbase': 79654.46, 'binance': 79650.0}
[2025-04-10 20:10:24,029][INFO] No arbitrage opportunities at the moment
[2025-04-10 20:10:29,269][INFO] Fetched prices: {'coinbase': 79640.84, 'binance': 79650.0}
[2025-04-10 20:10:29,270][INFO] No arbitrage opportunities at the moment
[2025-04-10 20:10:35,608][INFO] Fetched prices: {'coinbase': 79620.08, 'binance': 79650.0}
[2025-04-10 20:10:35,610][INFO] No arbitrage opportunities at the moment
[2025-04-10 20:10:40,823][INFO] Fetched prices: {'coinbase': 79630.94, 'binance': 79650.0}
[2025-04-10 20:10:40,824][INFO] No arbitrage opportunities at the moment
[2025-04-10 20:10:46,064][INFO] Fetched prices: {'coinbase': 79646.67, 'binance': 79650.0}
[2025-04-10 20:10:46,065][INFO] No arbitrage opportunities at the moment
[2025-04-10 20:10:51,286][INFO] Fetched prices: {'coinbase': 79672.26, 'binance': 79650.0}
[2025-04-10 20:10:51,288][INFO] No arbitrage opportunities at the moment
[2025-04-10 20:10:56,537][INFO] Fetched prices: {'coinbase': 79666.68, 'binance': 79650.0}
[2025-04-10 20:10:56,539][INFO] No arbitrage opportunities at the moment
[2025-04-10 20:11:01,835][INFO] Fetched prices: {'coinbase': 79672.2, 'binance': 79650.0}
[2025-04-10 20:11:01,836][INFO] No arbitrage opportunities at the moment
[2025-04-10 20:11:07,055][INFO] Fetched prices: {'coinbase': 79665.18, 'binance': 79650.0}
[2025-04-10 20:11:07,058][INFO] No arbitrage opportunities at the moment
[2025-04-10 20:11:12,329][INFO] Fetched prices: {'coinbase': 79672.05, 'binance': 79650.0}
[2025-04-10 20:11:12,331][INFO] No arbitrage opportunities at the moment
[2025-04-10 20:13:52,642][INFO] Starting Crypto Arbitrage Bot (headless mode)
[2025-04-10 20:13:55,010][INFO] Fetched prices: {'coinbase': 79641.72, 'binance': 79650.0}
[2025-04-10 20:13:55,011][INFO] No arbitrage opportunities at the moment
[2025-04-10 20:14:00,316][INFO] Fetched prices: {'coinbase': 79646.79, 'binance': 79650.0}
[2025-04-10 20:14:00,317][INFO] No arbitrage opportunities at the moment
[2025-04-10 20:14:05,537][INFO] Fetched prices: {'coinbase': 79646.79, 'binance': 79650.0}
[2025-04-10 20:14:05,538][INFO] No arbitrage opportunities at the moment
[2025-04-10 20:14:10,657][INFO] Fetched prices: {'coinbase': 79638.49, 'binance': 79650.0}
[2025-04-10 20:14:10,658][INFO] No arbitrage opportunities at the moment
[2025-04-10 20:14:15,982][INFO] Fetched prices: {'coinbase': 79634.99, 'binance': 79650.0}
[2025-04-10 20:14:15,983][INFO] No arbitrage opportunities at the moment
[2025-04-10 20:14:21,306][INFO] Fetched prices: {'coinbase': 79639.1, 'binance': 79650.0}
[2025-04-10 20:14:21,307][INFO] No arbitrage opportunities at the moment
[2025-04-10 20:14:26,527][INFO] Fetched prices: {'coinbase': 79644.1, 'binance': 79650.0}
[2025-04-10 20:14:26,528][INFO] No arbitrage opportunities at the moment
[2025-04-10 20:14:31,750][INFO] Fetched prices: {'coinbase': 79639.29, 'binance': 79650.0}
[2025-04-10 20:14:31,751][INFO] No arbitrage opportunities at the moment
[2025-04-10 20:14:36,973][INFO] Fetched prices: {'coinbase': 79632.59, 'binance': 79650.0}
[2025-04-10 20:14:36,974][INFO] No arbitrage opportunities at the moment
[2025-04-10 20:14:42,311][INFO] Fetched prices: {'coinbase': 79637.01, 'binance': 79650.0}
[2025-04-10 20:14:42,312][INFO] No arbitrage opportunities at the moment
[2025-04-10 20:14:47,429][INFO] Fetched prices: {'coinbase': 79633.07, 'binance': 79650.0}
[2025-04-10 20:14:47,430][INFO] No arbitrage opportunities at the moment
[2025-04-10 20:14:52,581][INFO] Fetched prices: {'coinbase': 79653.09, 'binance': 79650.0}
[2025-04-10 20:14:52,582][INFO] No arbitrage opportunities at the moment
[2025-04-10 20:14:57,866][INFO] Fetched prices: {'coinbase': 79636.98, 'binance': 79650.0}
[2025-04-10 20:14:57,867][INFO] No arbitrage opportunities at the moment
[2025-04-10 20:15:03,084][INFO] Fetched prices: {'coinbase': 79643.75, 'binance': 79650.0}
[2025-04-10 20:15:03,085][INFO] No arbitrage opportunities at the moment
[2025-04-10 20:15:08,308][INFO] Fetched prices: {'coinbase': 79636.78, 'binance': 79650.0}
[2025-04-10 20:15:08,310][INFO] No arbitrage opportunities at the moment
[2025-04-10 20:15:13,440][INFO] Fetched prices: {'coinbase': 79643.16, 'binance': 79650.0}
[2025-04-10 20:15:13,441][INFO] No arbitrage opportunities at the moment
[2025-04-10 20:15:18,650][INFO] Fetched prices: {'coinbase': 79649.62, 'binance': 79650.0}
[2025-04-10 20:15:18,651][INFO] No arbitrage opportunities at the moment
[2025-04-10 20:15:23,872][INFO] Fetched prices: {'coinbase': 79641.0, 'binance': 79650.0}
[2025-04-10 20:15:23,873][INFO] No arbitrage opportunities at the moment
[2025-04-10 20:15:29,196][INFO] Fetched prices: {'coinbase': 79642.14, 'binance': 79650.0}
[2025-04-10 20:15:29,197][INFO] No arbitrage opportunities at the moment
[2025-04-10 20:15:34,419][INFO] Fetched prices: {'coinbase': 79610.66, 'binance': 79692.46}
[2025-04-10 20:15:34,420][INFO] No arbitrage opportunities at the moment
[2025-04-10 20:15:39,744][INFO] Fetched prices: {'coinbase': 79591.82, 'binance': 79692.46}
[2025-04-10 20:15:39,744][INFO] No arbitrage opportunities at the moment
[2025-04-10 20:15:45,078][INFO] Fetched prices: {'coinbase': 79593.23, 'binance': 79692.46}
[2025-04-10 20:15:45,079][INFO] No arbitrage opportunities at the moment
[2025-04-10 20:15:50,394][INFO] Fetched prices: {'coinbase': 79577.17, 'binance': 79692.46}
[2025-04-10 20:15:50,395][INFO] No arbitrage opportunities at the moment
[2025-04-10 20:15:55,616][INFO] Fetched prices: {'coinbase': 79586.59, 'binance': 79692.46}
[2025-04-10 20:15:55,616][INFO] No arbitrage opportunities at the moment
[2025-04-10 20:16:00,839][INFO] Fetched prices: {'coinbase': 79588.72, 'binance': 79692.46}
[2025-04-10 20:16:00,841][INFO] No arbitrage opportunities at the moment
[2025-04-10 20:16:06,163][INFO] Fetched prices: {'coinbase': 79607.11, 'binance': 79692.46}
[2025-04-10 20:16:06,164][INFO] No arbitrage opportunities at the moment
[2025-04-10 20:16:11,389][INFO] Fetched prices: {'coinbase': 79641.58, 'binance': 79692.46}
[2025-04-10 20:16:11,391][INFO] No arbitrage opportunities at the moment
[2025-04-10 20:16:16,610][INFO] Fetched prices: {'coinbase': 79629.16, 'binance': 79692.46}
[2025-04-10 20:16:16,612][INFO] No arbitrage opportunities at the moment
[2025-04-10 20:16:21,835][INFO] Fetched prices: {'coinbase': 79625.0, 'binance': 79692.46}
[2025-04-10 20:16:21,836][INFO] No arbitrage opportunities at the moment
[2025-04-10 20:16:27,060][INFO] Fetched prices: {'coinbase': 79627.86, 'binance': 79692.46}
[2025-04-10 20:16:27,061][INFO] No arbitrage opportunities at the moment
[2025-04-10 20:17:13,847][INFO] Starting Crypto Arbitrage Bot (headless mode)
[2025-04-10 20:17:16,188][INFO] Fetched prices: {'coinbase': 79657.78, 'binance': 79692.46}
[2025-04-10 20:17:16,189][INFO] No arbitrage opportunities at the moment
[2025-04-10 20:17:21,427][INFO] Fetched prices: {'coinbase': 79664.28, 'binance': 79692.46}
[2025-04-10 20:17:21,428][INFO] No arbitrage opportunities at the moment
[2025-04-10 20:17:26,650][INFO] Fetched prices: {'coinbase': 79652.14, 'binance': 79692.46}
[2025-04-10 20:17:26,651][INFO] No arbitrage opportunities at the moment
[2025-04-10 20:17:31,768][INFO] Fetched prices: {'coinbase': 79648.11, 'binance': 79692.46}
[2025-04-10 20:17:31,769][INFO] No arbitrage opportunities at the moment
[2025-04-10 20:17:36,994][INFO] Fetched prices: {'coinbase': 79637.66, 'binance': 79692.46}
[2025-04-10 20:17:36,996][INFO] No arbitrage opportunities at the moment
[2025-04-10 20:17:42,319][INFO] Fetched prices: {'coinbase': 79622.82, 'binance': 79692.46}
[2025-04-10 20:17:42,321][INFO] No arbitrage opportunities at the moment
[2025-04-10 20:17:47,646][INFO] Fetched prices: {'coinbase': 79622.83, 'binance': 79692.46}
[2025-04-10 20:17:47,648][INFO] No arbitrage opportunities at the moment
[2025-04-10 20:17:52,805][INFO] Fetched prices: {'coinbase': 79627.81, 'binance': 79692.46}
[2025-04-10 20:17:52,807][INFO] No arbitrage opportunities at the moment
[2025-04-10 20:17:58,089][INFO] Fetched prices: {'coinbase': 79619.75, 'binance': 79692.46}
[2025-04-10 20:17:58,091][INFO] No arbitrage opportunities at the moment
[2025-04-10 20:18:03,412][INFO] Fetched prices: {'coinbase': 79626.11, 'binance': 79692.46}
[2025-04-10 20:18:03,413][INFO] No arbitrage opportunities at the moment
[2025-04-10 20:18:08,634][INFO] Fetched prices: {'coinbase': 79574.61, 'binance': 79692.46}
[2025-04-10 20:18:08,636][INFO] No arbitrage opportunities at the moment
[2025-04-10 20:18:13,795][INFO] Fetched prices: {'coinbase': 79579.71, 'binance': 79692.46}
[2025-04-10 20:18:13,797][INFO] No arbitrage opportunities at the moment
[2025-04-10 20:18:19,017][INFO] Fetched prices: {'coinbase': 79522.97, 'binance': 79692.46}
[2025-04-10 20:18:19,018][INFO] No arbitrage opportunities at the moment
[2025-04-10 20:18:24,243][INFO] Fetched prices: {'coinbase': 79504.54, 'binance': 79692.46}
[2025-04-10 20:18:24,245][INFO] No arbitrage opportunities at the moment
[2025-04-10 20:19:39,825][INFO] Starting Crypto Arbitrage Bot (headless mode)
[2025-04-10 20:19:42,020][INFO] Fetched prices: {'coinbase': 79466.9, 'binance': 79692.46}
[2025-04-10 20:19:42,021][INFO] No arbitrage opportunities at the moment
[2025-04-10 20:19:47,121][INFO] Fetched prices: {'coinbase': 79486.17, 'binance': 79692.46}
[2025-04-10 20:19:47,122][INFO] No arbitrage opportunities at the moment
[2025-04-10 20:19:52,363][INFO] Fetched prices: {'coinbase': 79483.39, 'binance': 79692.46}
[2025-04-10 20:19:52,364][INFO] No arbitrage opportunities at the moment
[2025-04-10 20:19:57,586][INFO] Fetched prices: {'coinbase': 79472.61, 'binance': 79692.46}
[2025-04-10 20:19:57,587][INFO] No arbitrage opportunities at the moment
[2025-04-10 20:20:02,809][INFO] Fetched prices: {'coinbase': 79463.07, 'binance': 79692.46}
[2025-04-10 20:20:02,810][INFO] No arbitrage opportunities at the moment
[2025-04-10 20:20:08,032][INFO] Fetched prices: {'coinbase': 79455.81, 'binance': 79692.46}
[2025-04-10 20:20:08,034][INFO] No arbitrage opportunities at the moment
[2025-04-10 20:20:13,255][INFO] Fetched prices: {'coinbase': 79444.91, 'binance': 79692.46}
[2025-04-10 20:20:13,256][INFO] No arbitrage opportunities at the moment
[2025-04-10 20:20:18,474][INFO] Fetched prices: {'coinbase': 79461.05, 'binance': 79692.46}
[2025-04-10 20:20:18,475][INFO] No arbitrage opportunities at the moment
[2025-04-10 20:20:23,699][INFO] Fetched prices: {'coinbase': 79477.44, 'binance': 79692.46}
[2025-04-10 20:20:23,700][INFO] No arbitrage opportunities at the moment
[2025-04-10 20:20:28,921][INFO] Fetched prices: {'coinbase': 79484.84, 'binance': 79692.46}
[2025-04-10 20:20:28,923][INFO] No arbitrage opportunities at the moment
[2025-04-10 20:20:34,142][INFO] Fetched prices: {'coinbase': 79507.49, 'binance': 79692.46}
[2025-04-10 20:20:34,143][INFO] No arbitrage opportunities at the moment
[2025-04-10 20:20:39,367][INFO] Fetched prices: {'coinbase': 79520.56, 'binance': 79692.46}
[2025-04-10 20:20:39,370][INFO] No arbitrage opportunities at the moment
[2025-04-10 20:20:44,590][INFO] Fetched prices: {'coinbase': 79523.89, 'binance': 79692.46}
[2025-04-10 20:20:44,591][INFO] No arbitrage opportunities at the moment
[2025-04-10 20:20:49,811][INFO] Fetched prices: {'coinbase': 79508.25, 'binance': 79692.46}
[2025-04-10 20:20:49,812][INFO] No arbitrage opportunities at the moment
[2025-04-10 20:22:56,698][INFO] Starting Crypto Arbitrage Bot (headless mode)
[2025-04-10 20:22:58,967][INFO] Fetched prices: {'coinbase': 79544.82, 'binance': 79692.46}
[2025-04-10 20:22:58,968][INFO] No arbitrage opportunities at the moment
[2025-04-10 20:23:04,199][INFO] Fetched prices: {'coinbase': 79544.22, 'binance': 79692.46}
[2025-04-10 20:23:04,200][INFO] No arbitrage opportunities at the moment
[2025-04-10 20:23:09,277][INFO] Fetched prices: {'coinbase': 79534.24, 'binance': 79692.46}
[2025-04-10 20:23:09,278][INFO] No arbitrage opportunities at the moment
[2025-04-10 20:23:14,502][INFO] Fetched prices: {'coinbase': 79529.81, 'binance': 79692.46}
[2025-04-10 20:23:14,504][INFO] No arbitrage opportunities at the moment
[2025-04-10 20:23:19,727][INFO] Fetched prices: {'coinbase': 79533.07, 'binance': 79692.46}
[2025-04-10 20:23:19,728][INFO] No arbitrage opportunities at the moment
[2025-04-10 20:23:24,843][INFO] Fetched prices: {'coinbase': 79518.41, 'binance': 79692.46}
[2025-04-10 20:23:24,844][INFO] No arbitrage opportunities at the moment
[2025-04-10 20:23:30,067][INFO] Fetched prices: {'coinbase': 79533.47, 'binance': 79692.46}
[2025-04-10 20:23:30,068][INFO] No arbitrage opportunities at the moment
[2025-04-10 20:23:35,290][INFO] Fetched prices: {'coinbase': 79533.47, 'binance': 79692.46}
[2025-04-10 20:23:35,292][INFO] No arbitrage opportunities at the moment
[2025-04-10 20:23:40,407][INFO] Fetched prices: {'coinbase': 79537.13, 'binance': 79692.46}
[2025-04-10 20:23:40,408][INFO] No arbitrage opportunities at the moment
[2025-04-10 20:23:45,632][INFO] Fetched prices: {'coinbase': 79547.04, 'binance': 79692.46}
[2025-04-10 20:23:45,634][INFO] No arbitrage opportunities at the moment
[2025-04-10 20:23:50,752][INFO] Fetched prices: {'coinbase': 79520.39, 'binance': 79692.46}
[2025-04-10 20:23:50,754][INFO] No arbitrage opportunities at the moment
[2025-04-10 20:23:55,974][INFO] Fetched prices: {'coinbase': 79531.7, 'binance': 79692.46}
[2025-04-10 20:23:55,975][INFO] No arbitrage opportunities at the moment
[2025-04-10 20:24:01,194][INFO] Fetched prices: {'coinbase': 79533.74, 'binance': 79692.46}
[2025-04-10 20:24:01,195][INFO] No arbitrage opportunities at the moment
[2025-04-10 20:24:06,425][INFO] Fetched prices: {'coinbase': 79499.84, 'binance': 79692.46}
[2025-04-10 20:24:06,426][INFO] No arbitrage opportunities at the moment
[2025-04-10 20:24:11,645][INFO] Fetched prices: {'coinbase': 79492.96, 'binance': 79692.46}
[2025-04-10 20:24:11,646][INFO] No arbitrage opportunities at the moment
[2025-04-10 20:24:16,813][INFO] Fetched prices: {'coinbase': 79490.85, 'binance': 79692.46}
[2025-04-10 20:24:16,815][INFO] No arbitrage opportunities at the moment
[2025-04-10 20:24:22,046][INFO] Fetched prices: {'coinbase': 79478.24, 'binance': 79692.46}
[2025-04-10 20:24:22,047][INFO] No arbitrage opportunities at the moment
[2025-04-10 22:35:26,267][INFO] Starting Crypto Arbitrage Bot (headless mode)
[2025-04-10 22:35:28,062][INFO] Fetched prices: {'coinbase': 80557.1, 'binance': 80516.4}
[2025-04-10 22:35:28,063][ERROR] Error in main loop: 'ArbitrageDetector' object has no attribute 'find_oppurtunity'
[2025-04-10 22:35:33,329][INFO] Fetched prices: {'coinbase': 80527.22, 'binance': 80516.4}
[2025-04-10 22:35:33,330][ERROR] Error in main loop: 'ArbitrageDetector' object has no attribute 'find_oppurtunity'
[2025-04-10 22:35:38,552][INFO] Fetched prices: {'coinbase': 80526.34, 'binance': 80516.4}
[2025-04-10 22:35:38,553][ERROR] Error in main loop: 'ArbitrageDetector' object has no attribute 'find_oppurtunity'
[2025-04-10 22:35:43,624][INFO] Fetched prices: {'coinbase': 80527.23, 'binance': 80516.4}
[2025-04-10 22:35:43,625][ERROR] Error in main loop: 'ArbitrageDetector' object has no attribute 'find_oppurtunity'
[2025-04-10 22:35:48,792][INFO] Fetched prices: {'coinbase': 80527.24, 'binance': 80516.4}
[2025-04-10 22:35:48,794][ERROR] Error in main loop: 'ArbitrageDetector' object has no attribute 'find_oppurtunity'
[2025-04-10 22:35:54,029][INFO] Fetched prices: {'coinbase': 80512.96, 'binance': 80516.4}
[2025-04-10 22:35:54,031][ERROR] Error in main loop: 'ArbitrageDetector' object has no attribute 'find_oppurtunity'
[2025-04-10 22:36:30,958][INFO] Starting Crypto Arbitrage Bot (headless mode)
[2025-04-10 22:36:33,037][INFO] Fetched prices: {'coinbase': 80502.74, 'binance': 80516.4}
[2025-04-10 22:36:33,038][ERROR] Error in main loop: 'ArbitrageDetector' object has no attribute 'find_oppurtunity'
[2025-04-10 22:36:38,209][INFO] Fetched prices: {'coinbase': 80502.74, 'binance': 80516.4}
[2025-04-10 22:36:38,210][ERROR] Error in main loop: 'ArbitrageDetector' object has no attribute 'find_oppurtunity'
[2025-04-10 22:36:43,414][INFO] Fetched prices: {'coinbase': 80511.84, 'binance': 80516.4}
[2025-04-10 22:36:43,415][ERROR] Error in main loop: 'ArbitrageDetector' object has no attribute 'find_oppurtunity'
[2025-04-10 22:36:48,753][INFO] Fetched prices: {'coinbase': 80524.44, 'binance': 80516.4}
[2025-04-10 22:36:48,755][ERROR] Error in main loop: 'ArbitrageDetector' object has no attribute 'find_oppurtunity'
[2025-04-10 22:36:53,962][INFO] Fetched prices: {'coinbase': 80504.26, 'binance': 80516.4}
[2025-04-10 22:36:53,964][ERROR] Error in main loop: 'ArbitrageDetector' object has no attribute 'find_oppurtunity'
[2025-04-10 22:36:59,182][INFO] Fetched prices: {'coinbase': 80508.3, 'binance': 80516.4}
[2025-04-10 22:36:59,183][ERROR] Error in main loop: 'ArbitrageDetector' object has no attribute 'find_oppurtunity'
[2025-04-10 22:37:04,365][INFO] Fetched prices: {'coinbase': 80500.01, 'binance': 80516.4}
[2025-04-10 22:37:04,366][ERROR] Error in main loop: 'ArbitrageDetector' object has no attribute 'find_oppurtunity'
[2025-04-10 22:37:09,585][INFO] Fetched prices: {'coinbase': 80495.19, 'binance': 80516.4}
[2025-04-10 22:37:09,587][ERROR] Error in main loop: 'ArbitrageDetector' object has no attribute 'find_oppurtunity'
[2025-04-10 22:37:14,810][INFO] Fetched prices: {'coinbase': 80493.14, 'binance': 80516.4}
[2025-04-10 22:37:14,811][ERROR] Error in main loop: 'ArbitrageDetector' object has no attribute 'find_oppurtunity'
[2025-04-10 22:37:20,036][INFO] Fetched prices: {'coinbase': 80487.63, 'binance': 80516.4}
[2025-04-10 22:37:20,039][ERROR] Error in main loop: 'ArbitrageDetector' object has no attribute 'find_oppurtunity'
[2025-04-10 22:37:25,356][INFO] Fetched prices: {'coinbase': 80470.04, 'binance': 80516.4}
[2025-04-10 22:37:25,357][ERROR] Error in main loop: 'ArbitrageDetector' object has no attribute 'find_oppurtunity'
[2025-04-10 22:38:08,665][INFO] Starting Crypto Arbitrage Bot (headless mode)
[2025-04-10 22:38:10,477][INFO] Fetched prices: {'coinbase': 80476.96, 'binance': 80516.4}
[2025-04-10 22:38:10,477][ERROR] Error in main loop: 'ArbitrageDetector' object has no attribute 'find_oppurtunity'
[2025-04-10 22:38:15,589][INFO] Fetched prices: {'coinbase': 80488.84, 'binance': 80516.4}
[2025-04-10 22:38:15,590][ERROR] Error in main loop: 'ArbitrageDetector' object has no attribute 'find_oppurtunity'
[2025-04-10 22:38:20,752][INFO] Fetched prices: {'coinbase': 80499.16, 'binance': 80516.4}
[2025-04-10 22:38:20,753][ERROR] Error in main loop: 'ArbitrageDetector' object has no attribute 'find_oppurtunity'
[2025-04-10 22:38:25,974][INFO] Fetched prices: {'coinbase': 80498.88, 'binance': 80516.4}
[2025-04-10 22:38:25,975][ERROR] Error in main loop: 'ArbitrageDetector' object has no attribute 'find_oppurtunity'
[2025-04-10 22:38:31,198][INFO] Fetched prices: {'coinbase': 80473.48, 'binance': 80516.4}
[2025-04-10 22:38:31,200][ERROR] Error in main loop: 'ArbitrageDetector' object has no attribute 'find_oppurtunity'
[2025-04-10 22:38:36,421][INFO] Fetched prices: {'coinbase': 80460.59, 'binance': 80516.4}
[2025-04-10 22:38:36,422][ERROR] Error in main loop: 'ArbitrageDetector' object has no attribute 'find_oppurtunity'
[2025-04-10 22:38:41,642][INFO] Fetched prices: {'coinbase': 80433.61, 'binance': 80516.4}
[2025-04-10 22:38:41,644][ERROR] Error in main loop: 'ArbitrageDetector' object has no attribute 'find_oppurtunity'
[2025-04-10 22:38:46,867][INFO] Fetched prices: {'coinbase': 80449.85, 'binance': 80516.4}
[2025-04-10 22:38:46,869][ERROR] Error in main loop: 'ArbitrageDetector' object has no attribute 'find_oppurtunity'
[2025-04-10 22:38:52,141][INFO] Fetched prices: {'coinbase': 80458.95, 'binance': 80516.4}
[2025-04-10 22:38:52,143][ERROR] Error in main loop: 'ArbitrageDetector' object has no attribute 'find_oppurtunity'
[2025-04-10 22:38:57,310][INFO] Fetched prices: {'coinbase': 80464.89, 'binance': 80516.4}
[2025-04-10 22:38:57,311][ERROR] Error in main loop: 'ArbitrageDetector' object has no attribute 'find_oppurtunity'
[2025-04-10 22:39:02,530][INFO] Fetched prices: {'coinbase': 80463.15, 'binance': 80516.4}
[2025-04-10 22:39:02,531][ERROR] Error in main loop: 'ArbitrageDetector' object has no attribute 'find_oppurtunity'
[2025-04-10 22:39:07,757][INFO] Fetched prices: {'coinbase': 80478.94, 'binance': 80516.4}
[2025-04-10 22:39:07,758][ERROR] Error in main loop: 'ArbitrageDetector' object has no attribute 'find_oppurtunity'
[2025-04-10 22:39:30,665][INFO] Starting Crypto Arbitrage Bot (headless mode)
[2025-04-10 22:39:32,636][INFO] Fetched prices: {'coinbase': 80477.73, 'binance': 80516.4}
[2025-04-10 22:39:32,636][ERROR] Error in main loop: 'ArbitrageDetector' object has no attribute 'find_oppurtunity'
[2025-04-10 22:39:37,746][INFO] Fetched prices: {'coinbase': 80476.92, 'binance': 80516.4}
[2025-04-10 22:39:37,747][ERROR] Error in main loop: 'ArbitrageDetector' object has no attribute 'find_oppurtunity'
[2025-04-10 22:39:42,867][INFO] Fetched prices: {'coinbase': 80490.42, 'binance': 80516.4}
[2025-04-10 22:39:42,869][ERROR] Error in main loop: 'ArbitrageDetector' object has no attribute 'find_oppurtunity'
[2025-04-10 22:39:47,984][INFO] Fetched prices: {'coinbase': 80475.13, 'binance': 80516.4}
[2025-04-10 22:39:47,986][ERROR] Error in main loop: 'ArbitrageDetector' object has no attribute 'find_oppurtunity'
[2025-04-10 22:39:53,219][INFO] Fetched prices: {'coinbase': 80470.89, 'binance': 80516.4}
[2025-04-10 22:39:53,221][ERROR] Error in main loop: 'ArbitrageDetector' object has no attribute 'find_oppurtunity'
[2025-04-10 22:40:04,202][INFO] Starting Crypto Arbitrage Bot (headless mode)
[2025-04-10 22:40:06,119][INFO] Fetched prices: {'coinbase': 80462.62, 'binance': 80516.4}
[2025-04-10 22:40:06,120][INFO] No arbitrage opportunities at the moment
[2025-04-10 22:40:11,344][INFO] Fetched prices: {'coinbase': 80451.14, 'binance': 80516.4}
[2025-04-10 22:40:11,345][INFO] No arbitrage opportunities at the moment
[2025-04-10 22:40:16,458][INFO] Fetched prices: {'coinbase': 80447.34, 'binance': 80516.4}
[2025-04-10 22:40:16,458][INFO] No arbitrage opportunities at the moment
[2025-04-10 22:40:21,684][INFO] Fetched prices: {'coinbase': 80447.34, 'binance': 80516.4}
[2025-04-10 22:40:21,684][INFO] No arbitrage opportunities at the moment
[2025-04-11 09:27:55,104][INFO] Starting Crypto Arbitrage Bot (headless mode)
[2025-04-11 09:27:56,771][INFO] Fetched prices: {'coinbase': 82051.05, 'binance': 82388.57}
[2025-04-11 09:28:03,196][INFO] Fetched prices: {'coinbase': 82058.85, 'binance': 82388.57}
[2025-04-11 09:28:09,371][INFO] Fetched prices: {'coinbase': 82063.16, 'binance': 82388.57}
[2025-04-11 09:28:15,618][INFO] Fetched prices: {'coinbase': 82042.52, 'binance': 82388.57}
[2025-04-11 09:28:21,980][INFO] Fetched prices: {'coinbase': 82052.32, 'binance': 82388.57}
[2025-04-11 09:28:28,206][INFO] Fetched prices: {'coinbase': 82059.26, 'binance': 82388.57}
[2025-04-11 09:28:34,557][INFO] Fetched prices: {'coinbase': 82114.19, 'binance': 82388.57}
[2025-04-11 09:28:40,858][INFO] Fetched prices: {'coinbase': 82103.45, 'binance': 82388.57}
[2025-04-11 09:28:47,028][INFO] Fetched prices: {'coinbase': 82103.17, 'binance': 82388.57}
[2025-04-11 09:28:53,421][INFO] Fetched prices: {'coinbase': 82078.44, 'binance': 82388.57}
[2025-04-11 09:28:59,780][INFO] Fetched prices: {'coinbase': 82090.53, 'binance': 82388.57}
[2025-04-11 09:29:06,062][INFO] Fetched prices: {'coinbase': 82087.26, 'binance': 82388.57}
[2025-04-11 09:29:12,298][INFO] Fetched prices: {'coinbase': 82104.55, 'binance': 82388.57}
[2025-04-11 09:29:18,726][INFO] Fetched prices: {'coinbase': 82094.07, 'binance': 82388.57}
[2025-04-11 09:29:24,919][INFO] Fetched prices: {'coinbase': 82097.86, 'binance': 82388.57}
[2025-04-11 09:29:31,102][INFO] Fetched prices: {'coinbase': 82083.36, 'binance': 82388.57}
[2025-04-11 09:29:37,322][INFO] Fetched prices: {'coinbase': 82097.67, 'binance': 82388.57}
[2025-04-11 09:29:43,630][INFO] Fetched prices: {'coinbase': 82103.26, 'binance': 82388.57}
[2025-04-11 09:29:49,892][INFO] Fetched prices: {'coinbase': 82112.39, 'binance': 82388.57}
[2025-04-11 09:29:56,074][INFO] Fetched prices: {'coinbase': 82120.78, 'binance': 82388.57}
[2025-04-11 09:30:02,328][INFO] Fetched prices: {'coinbase': 82168.63, 'binance': 82240.49}
[2025-04-11 09:30:02,329][INFO] No arbitrage opportunities at the moment
[2025-04-11 09:30:07,439][INFO] Fetched prices: {'coinbase': 82174.2, 'binance': 82240.49}
[2025-04-11 09:30:07,441][INFO] No arbitrage opportunities at the moment
[2025-04-11 09:30:12,548][INFO] Fetched prices: {'coinbase': 82181.0, 'binance': 82240.49}
[2025-04-11 09:30:12,550][INFO] No arbitrage opportunities at the moment
[2025-04-11 09:30:17,653][INFO] Fetched prices: {'coinbase': 82219.71, 'binance': 82240.49}
[2025-04-11 09:30:17,655][INFO] No arbitrage opportunities at the moment
[2025-04-11 09:30:22,835][INFO] Fetched prices: {'coinbase': 82169.32, 'binance': 82240.49}
[2025-04-11 09:30:22,837][INFO] No arbitrage opportunities at the moment
[2025-04-11 09:30:27,900][INFO] Fetched prices: {'coinbase': 82174.33, 'binance': 82240.49}
[2025-04-11 09:30:27,901][INFO] No arbitrage opportunities at the moment
[2025-04-11 09:30:33,056][INFO] Fetched prices: {'coinbase': 82178.8, 'binance': 82240.49}
[2025-04-11 09:30:33,057][INFO] No arbitrage opportunities at the moment
[2025-04-11 09:30:38,159][INFO] Fetched prices: {'coinbase': 82155.81, 'binance': 82240.49}
[2025-04-11 09:30:38,161][INFO] No arbitrage opportunities at the moment
[2025-04-11 09:30:43,306][INFO] Fetched prices: {'coinbase': 82189.77, 'binance': 82240.49}
[2025-04-11 09:30:43,306][INFO] No arbitrage opportunities at the moment
[2025-04-11 09:30:48,371][INFO] Fetched prices: {'coinbase': 82194.56, 'binance': 82240.49}
[2025-04-11 09:30:48,372][INFO] No arbitrage opportunities at the moment
[2025-04-11 09:30:53,480][INFO] Fetched prices: {'coinbase': 82174.76, 'binance': 82262.1}
[2025-04-11 09:30:53,481][INFO] No arbitrage opportunities at the moment
[2025-04-11 09:30:58,585][INFO] Fetched prices: {'coinbase': 82163.57, 'binance': 82262.1}
[2025-04-11 09:30:58,587][INFO] No arbitrage opportunities at the moment
[2025-04-11 09:31:03,703][INFO] Fetched prices: {'coinbase': 82153.51, 'binance': 82262.1}
[2025-04-11 09:31:03,704][INFO] No arbitrage opportunities at the moment
[2025-04-11 09:31:08,844][INFO] Fetched prices: {'coinbase': 82199.0, 'binance': 82262.1}
[2025-04-11 09:31:08,845][INFO] No arbitrage opportunities at the moment
[2025-04-11 09:31:13,956][INFO] Fetched prices: {'coinbase': 82168.69, 'binance': 82262.1}
[2025-04-11 09:31:13,956][INFO] No arbitrage opportunities at the moment
[2025-04-11 09:31:19,056][INFO] Fetched prices: {'coinbase': 82071.31, 'binance': 82262.1}
[2025-04-11 09:31:19,058][INFO] No arbitrage opportunities at the moment
[2025-04-11 09:31:24,168][INFO] Fetched prices: {'coinbase': 82074.21, 'binance': 82262.1}
[2025-04-11 09:31:24,170][INFO] No arbitrage opportunities at the moment
[2025-04-11 09:31:29,278][INFO] Fetched prices: {'coinbase': 82030.1, 'binance': 82262.1}
[2025-04-11 09:31:29,280][INFO] No arbitrage opportunities at the moment
[2025-04-11 09:31:34,387][INFO] Fetched prices: {'coinbase': 82061.24, 'binance': 82262.1}
[2025-04-11 09:31:34,387][INFO] No arbitrage opportunities at the moment
[2025-04-11 09:31:39,494][INFO] Fetched prices: {'coinbase': 82031.51, 'binance': 82262.1}
[2025-04-11 09:31:39,495][INFO] No arbitrage opportunities at the moment
[2025-04-11 09:31:44,563][INFO] Fetched prices: {'coinbase': 82003.17, 'binance': 82262.1}
[2025-04-11 09:31:50,907][INFO] Fetched prices: {'coinbase': 81983.74, 'binance': 82262.1}
[2025-04-11 09:31:57,247][INFO] Fetched prices: {'coinbase': 81991.57, 'binance': 82262.1}
[2025-04-11 09:32:03,654][INFO] Fetched prices: {'coinbase': 82002.08, 'binance': 82262.1}
[2025-04-11 09:32:09,920][INFO] Fetched prices: {'coinbase': 82071.11, 'binance': 82262.1}
[2025-04-11 09:32:09,921][INFO] No arbitrage opportunities at the moment
[2025-04-11 09:32:15,027][INFO] Fetched prices: {'coinbase': 82041.35, 'binance': 82262.1}
[2025-04-11 09:32:15,028][INFO] No arbitrage opportunities at the moment
[2025-04-11 09:32:20,099][INFO] Fetched prices: {'coinbase': 82034.49, 'binance': 82262.1}
[2025-04-11 09:32:20,100][INFO] No arbitrage opportunities at the moment
[2025-04-11 09:32:25,203][INFO] Fetched prices: {'coinbase': 82036.67, 'binance': 82262.1}
[2025-04-11 09:32:25,204][INFO] No arbitrage opportunities at the moment
[2025-04-11 09:32:30,309][INFO] Fetched prices: {'coinbase': 82054.55, 'binance': 82262.1}
[2025-04-11 09:32:30,311][INFO] No arbitrage opportunities at the moment
[2025-04-11 09:32:35,412][INFO] Fetched prices: {'coinbase': 82047.23, 'binance': 82262.1}
[2025-04-11 09:32:35,413][INFO] No arbitrage opportunities at the moment
[2025-04-11 09:32:40,558][INFO] Fetched prices: {'coinbase': 82002.42, 'binance': 82262.1}
[2025-04-11 09:32:46,846][INFO] Fetched prices: {'coinbase': 81998.38, 'binance': 82262.1}
[2025-04-11 09:32:53,205][INFO] Fetched prices: {'coinbase': 82053.64, 'binance': 82262.1}
[2025-04-11 09:32:53,207][INFO] No arbitrage opportunities at the moment
[2025-04-11 09:32:58,278][INFO] Fetched prices: {'coinbase': 82046.85, 'binance': 82262.1}
[2025-04-11 09:32:58,280][INFO] No arbitrage opportunities at the moment
[2025-04-11 09:33:03,345][INFO] Fetched prices: {'coinbase': 82059.32, 'binance': 82262.1}
[2025-04-11 09:33:03,347][INFO] No arbitrage opportunities at the moment
[2025-04-11 09:33:08,449][INFO] Fetched prices: {'coinbase': 82016.72, 'binance': 82262.1}
[2025-04-11 09:33:08,450][INFO] No arbitrage opportunities at the moment
[2025-04-11 09:33:13,561][INFO] Fetched prices: {'coinbase': 82013.64, 'binance': 82262.1}
[2025-04-11 09:33:19,946][INFO] Fetched prices: {'coinbase': 82028.39, 'binance': 82262.1}
[2025-04-11 09:33:19,948][INFO] No arbitrage opportunities at the moment
[2025-04-11 09:33:25,054][INFO] Fetched prices: {'coinbase': 81998.01, 'binance': 82262.1}
[2025-04-11 09:33:31,379][INFO] Fetched prices: {'coinbase': 82012.83, 'binance': 82262.1}
[2025-04-11 09:33:37,725][INFO] Fetched prices: {'coinbase': 82016.95, 'binance': 82262.1}
[2025-04-11 09:33:37,726][INFO] No arbitrage opportunities at the moment
[2025-04-11 09:33:42,844][INFO] Fetched prices: {'coinbase': 82059.56, 'binance': 82262.1}
[2025-04-11 09:33:42,845][INFO] No arbitrage opportunities at the moment
[2025-04-11 09:33:48,005][INFO] Fetched prices: {'coinbase': 82167.53, 'binance': 82155.1}
[2025-04-11 09:33:48,005][INFO] No arbitrage opportunities at the moment
[2025-04-11 09:33:53,071][INFO] Fetched prices: {'coinbase': 82187.6, 'binance': 82155.1}
[2025-04-11 09:33:53,072][INFO] No arbitrage opportunities at the moment
[2025-04-11 09:33:58,226][INFO] Fetched prices: {'coinbase': 82208.93, 'binance': 82220.5}
[2025-04-11 09:33:58,227][INFO] No arbitrage opportunities at the moment
[2025-04-11 09:34:03,330][INFO] Fetched prices: {'coinbase': 82235.57, 'binance': 82220.5}
[2025-04-11 09:34:03,331][INFO] No arbitrage opportunities at the moment
[2025-04-11 09:34:08,439][INFO] Fetched prices: {'coinbase': 82222.08, 'binance': 82220.5}
[2025-04-11 09:34:08,440][INFO] No arbitrage opportunities at the moment
[2025-04-11 09:34:13,544][INFO] Fetched prices: {'coinbase': 82224.1, 'binance': 82220.5}
[2025-04-11 09:34:13,545][INFO] No arbitrage opportunities at the moment
[2025-04-11 09:34:18,650][INFO] Fetched prices: {'coinbase': 82253.56, 'binance': 82267.3}
[2025-04-11 09:34:18,652][INFO] No arbitrage opportunities at the moment
[2025-04-11 09:34:23,721][INFO] Fetched prices: {'coinbase': 82310.8, 'binance': 82353.9}
[2025-04-11 09:34:23,723][INFO] No arbitrage opportunities at the moment
[2025-04-11 09:34:28,867][INFO] Fetched prices: {'coinbase': 82302.95, 'binance': 82353.9}
[2025-04-11 09:34:28,867][INFO] No arbitrage opportunities at the moment
[2025-04-11 09:34:33,971][INFO] Fetched prices: {'coinbase': 82305.59, 'binance': 82353.9}
[2025-04-11 09:34:33,972][INFO] No arbitrage opportunities at the moment
[2025-04-11 09:34:39,040][INFO] Fetched prices: {'coinbase': 82323.52, 'binance': 82353.9}
[2025-04-11 09:34:39,041][INFO] No arbitrage opportunities at the moment
[2025-04-11 09:34:44,142][INFO] Fetched prices: {'coinbase': 82346.74, 'binance': 82353.9}
[2025-04-11 09:34:44,143][INFO] No arbitrage opportunities at the moment
[2025-04-11 09:34:49,253][INFO] Fetched prices: {'coinbase': 82420.77, 'binance': 82457.42}
[2025-04-11 09:34:49,254][INFO] No arbitrage opportunities at the moment
[2025-04-11 09:34:54,316][INFO] Fetched prices: {'coinbase': 82417.05, 'binance': 82457.42}
[2025-04-11 09:34:54,317][INFO] No arbitrage opportunities at the moment
[2025-04-11 09:34:59,425][INFO] Fetched prices: {'coinbase': 82410.57, 'binance': 82457.42}
[2025-04-11 09:34:59,426][INFO] No arbitrage opportunities at the moment
[2025-04-11 09:35:04,540][INFO] Fetched prices: {'coinbase': 82490.87, 'binance': 82457.42}
[2025-04-11 09:35:04,541][INFO] No arbitrage opportunities at the moment
[2025-04-11 09:35:09,644][INFO] Fetched prices: {'coinbase': 82514.69, 'binance': 82457.42}
[2025-04-11 09:35:09,645][INFO] No arbitrage opportunities at the moment
[2025-04-11 09:35:14,760][INFO] Fetched prices: {'coinbase': 82568.7, 'binance': 82457.42}
[2025-04-11 09:35:14,762][INFO] No arbitrage opportunities at the moment
[2025-04-11 09:35:19,971][INFO] Fetched prices: {'coinbase': 82599.42, 'binance': 82457.42}
[2025-04-11 09:35:19,972][INFO] No arbitrage opportunities at the moment
[2025-04-11 09:35:25,068][INFO] Fetched prices: {'coinbase': 82621.53, 'binance': 82457.42}
[2025-04-11 09:35:25,068][INFO] No arbitrage opportunities at the moment
[2025-04-11 09:35:30,218][INFO] Fetched prices: {'coinbase': 82680.17, 'binance': 82457.42}
[2025-04-11 09:35:30,219][INFO] No arbitrage opportunities at the moment
[2025-04-11 09:35:35,326][INFO] Fetched prices: {'coinbase': 82683.21, 'binance': 82626.0}
[2025-04-11 09:35:35,327][INFO] No arbitrage opportunities at the moment
[2025-04-11 09:35:40,482][INFO] Fetched prices: {'coinbase': 82710.25, 'binance': 82626.0}
[2025-04-11 09:35:40,484][INFO] No arbitrage opportunities at the moment
[2025-04-11 09:35:45,587][INFO] Fetched prices: {'coinbase': 82698.82, 'binance': 82626.0}
[2025-04-11 09:35:45,588][INFO] No arbitrage opportunities at the moment
[2025-04-11 09:35:50,685][INFO] Fetched prices: {'coinbase': 82756.79, 'binance': 82626.0}
[2025-04-11 09:35:50,687][INFO] No arbitrage opportunities at the moment
[2025-04-11 09:35:55,755][INFO] Fetched prices: {'coinbase': 82738.27, 'binance': 82626.0}
[2025-04-11 09:35:55,757][INFO] No arbitrage opportunities at the moment
[2025-04-11 09:36:00,822][INFO] Fetched prices: {'coinbase': 82700.0, 'binance': 82626.0}
[2025-04-11 09:36:00,824][INFO] No arbitrage opportunities at the moment
[2025-04-11 09:36:05,895][INFO] Fetched prices: {'coinbase': 82632.07, 'binance': 82626.0}
[2025-04-11 09:36:05,896][INFO] No arbitrage opportunities at the moment
[2025-04-11 09:36:10,998][INFO] Fetched prices: {'coinbase': 82714.3, 'binance': 82626.0}
[2025-04-11 09:36:10,999][INFO] No arbitrage opportunities at the moment
[2025-04-11 09:36:16,116][INFO] Fetched prices: {'coinbase': 82799.99, 'binance': 82626.0}
[2025-04-11 09:36:16,117][INFO] No arbitrage opportunities at the moment
[2025-04-11 09:36:21,230][INFO] Fetched prices: {'coinbase': 82791.59, 'binance': 82697.27}
[2025-04-11 09:36:21,231][INFO] No arbitrage opportunities at the moment
[2025-04-11 09:36:26,298][INFO] Fetched prices: {'coinbase': 82804.92, 'binance': 82697.27}
[2025-04-11 09:36:26,299][INFO] No arbitrage opportunities at the moment
[2025-04-11 09:36:31,367][INFO] Fetched prices: {'coinbase': 82764.51, 'binance': 82697.27}
[2025-04-11 09:36:31,369][INFO] No arbitrage opportunities at the moment
[2025-04-11 09:36:36,469][INFO] Fetched prices: {'coinbase': 82727.82, 'binance': 82697.27}
[2025-04-11 09:36:36,471][INFO] No arbitrage opportunities at the moment
[2025-04-11 09:36:41,576][INFO] Fetched prices: {'coinbase': 82749.97, 'binance': 82697.27}
[2025-04-11 09:36:41,577][INFO] No arbitrage opportunities at the moment
[2025-04-11 09:36:46,685][INFO] Fetched prices: {'coinbase': 82796.42, 'binance': 82697.27}
[2025-04-11 09:36:46,686][INFO] No arbitrage opportunities at the moment
[2025-04-11 09:36:51,810][INFO] Fetched prices: {'coinbase': 82787.59, 'binance': 82697.27}
[2025-04-11 09:36:51,811][INFO] No arbitrage opportunities at the moment
[2025-04-11 09:36:56,960][INFO] Fetched prices: {'coinbase': 82809.1, 'binance': 82697.27}
[2025-04-11 09:36:56,961][INFO] No arbitrage opportunities at the moment
[2025-04-11 09:37:02,033][INFO] Fetched prices: {'coinbase': 82786.79, 'binance': 82697.27}
[2025-04-11 09:37:02,035][INFO] No arbitrage opportunities at the moment
[2025-04-11 09:37:07,133][INFO] Fetched prices: {'coinbase': 82703.61, 'binance': 82697.27}
[2025-04-11 09:37:07,133][INFO] No arbitrage opportunities at the moment
[2025-04-11 09:37:12,235][INFO] Fetched prices: {'coinbase': 82796.33, 'binance': 82697.27}
[2025-04-11 09:37:12,237][INFO] No arbitrage opportunities at the moment
[2025-04-11 09:37:17,354][INFO] Fetched prices: {'coinbase': 82788.31, 'binance': 82697.27}
[2025-04-11 09:37:17,356][INFO] No arbitrage opportunities at the moment
[2025-04-11 09:37:22,467][INFO] Fetched prices: {'coinbase': 82793.44, 'binance': 82697.27}
[2025-04-11 09:37:22,469][INFO] No arbitrage opportunities at the moment
[2025-04-11 09:37:27,576][INFO] Fetched prices: {'coinbase': 82832.54, 'binance': 82697.27}
[2025-04-11 09:37:27,577][INFO] No arbitrage opportunities at the moment
[2025-04-11 09:37:32,645][INFO] Fetched prices: {'coinbase': 82783.01, 'binance': 82697.27}
[2025-04-11 09:37:32,647][INFO] No arbitrage opportunities at the moment
[2025-04-11 09:37:37,713][INFO] Fetched prices: {'coinbase': 82843.65, 'binance': 82697.27}
[2025-04-11 09:37:37,714][INFO] No arbitrage opportunities at the moment
[2025-04-11 09:37:42,781][INFO] Fetched prices: {'coinbase': 82801.82, 'binance': 82697.27}
[2025-04-11 09:37:42,782][INFO] No arbitrage opportunities at the moment
[2025-04-11 09:37:47,951][INFO] Fetched prices: {'coinbase': 82827.94, 'binance': 82697.27}
[2025-04-11 09:37:47,953][INFO] No arbitrage opportunities at the moment
[2025-04-11 09:37:53,101][INFO] Fetched prices: {'coinbase': 82789.31, 'binance': 82697.27}
[2025-04-11 09:37:53,103][INFO] No arbitrage opportunities at the moment
[2025-04-11 09:37:58,213][INFO] Fetched prices: {'coinbase': 82875.69, 'binance': 82697.27}
[2025-04-11 09:37:58,214][INFO] No arbitrage opportunities at the moment
[2025-04-11 09:38:03,323][INFO] Fetched prices: {'coinbase': 82773.72, 'binance': 82697.27}
[2025-04-11 09:38:03,325][INFO] No arbitrage opportunities at the moment
[2025-04-11 09:38:08,404][INFO] Fetched prices: {'coinbase': 82782.19, 'binance': 82697.27}
[2025-04-11 09:38:08,405][INFO] No arbitrage opportunities at the moment
[2025-04-11 09:38:13,486][INFO] Fetched prices: {'coinbase': 82691.34, 'binance': 82697.27}
[2025-04-11 09:38:13,487][INFO] No arbitrage opportunities at the moment
[2025-04-11 09:38:18,558][INFO] Fetched prices: {'coinbase': 82677.41, 'binance': 82697.27}
[2025-04-11 09:38:18,559][INFO] No arbitrage opportunities at the moment
[2025-04-11 09:38:23,630][INFO] Fetched prices: {'coinbase': 82732.73, 'binance': 82697.27}
[2025-04-11 09:38:23,631][INFO] No arbitrage opportunities at the moment
[2025-04-11 09:38:28,699][INFO] Fetched prices: {'coinbase': 82800.16, 'binance': 82697.27}
[2025-04-11 09:38:28,700][INFO] No arbitrage opportunities at the moment
[2025-04-11 09:38:33,776][INFO] Fetched prices: {'coinbase': 82735.35, 'binance': 82697.27}
[2025-04-11 09:38:33,778][INFO] No arbitrage opportunities at the moment
[2025-04-11 09:38:38,846][INFO] Fetched prices: {'coinbase': 82792.37, 'binance': 82697.27}
[2025-04-11 09:38:38,848][INFO] No arbitrage opportunities at the moment
[2025-04-11 09:38:43,918][INFO] Fetched prices: {'coinbase': 82779.56, 'binance': 82697.27}
[2025-04-11 09:38:43,920][INFO] No arbitrage opportunities at the moment
[2025-04-11 09:38:49,030][INFO] Fetched prices: {'coinbase': 82825.06, 'binance': 82697.27}
[2025-04-11 09:38:49,032][INFO] No arbitrage opportunities at the moment
[2025-04-11 09:38:54,101][INFO] Fetched prices: {'coinbase': 82837.01, 'binance': 82697.27}
[2025-04-11 09:38:54,103][INFO] No arbitrage opportunities at the moment
[2025-04-11 09:38:59,170][INFO] Fetched prices: {'coinbase': 82924.18, 'binance': 82697.27}
[2025-04-11 09:38:59,171][INFO] No arbitrage opportunities at the moment
[2025-04-11 09:39:04,232][INFO] Fetched prices: {'coinbase': 82997.64, 'binance': 82697.27}
[2025-04-11 09:39:10,582][INFO] Fetched prices: {'coinbase': 83027.71, 'binance': 82697.27}
[2025-04-11 09:39:16,825][INFO] Fetched prices: {'coinbase': 83020.66, 'binance': 82697.27}
[2025-04-11 09:39:23,090][INFO] Fetched prices: {'coinbase': 83033.63, 'binance': 82697.27}
[2025-04-11 09:39:29,332][INFO] Fetched prices: {'coinbase': 83054.84, 'binance': 82697.27}
[2025-04-11 09:39:35,616][INFO] Fetched prices: {'coinbase': 83071.19, 'binance': 82990.0}
[2025-04-11 09:39:35,618][INFO] No arbitrage opportunities at the moment
[2025-04-11 09:39:40,725][INFO] Fetched prices: {'coinbase': 83190.59, 'binance': 82994.78}
[2025-04-11 09:39:40,727][INFO] No arbitrage opportunities at the moment
[2025-04-11 09:39:45,831][INFO] Fetched prices: {'coinbase': 83244.99, 'binance': 82999.99}
[2025-04-11 09:39:45,832][INFO] No arbitrage opportunities at the moment
[2025-04-11 09:39:50,941][INFO] Fetched prices: {'coinbase': 83231.01, 'binance': 82999.99}
[2025-04-11 09:39:50,942][INFO] No arbitrage opportunities at the moment
[2025-04-11 09:39:56,044][INFO] Fetched prices: {'coinbase': 83197.83, 'binance': 82999.99}
[2025-04-11 09:39:56,046][INFO] No arbitrage opportunities at the moment
[2025-04-11 09:40:01,114][INFO] Fetched prices: {'coinbase': 83252.72, 'binance': 82999.99}
[2025-04-11 09:40:07,449][INFO] Fetched prices: {'coinbase': 83187.82, 'binance': 82999.99}
[2025-04-11 09:40:07,451][INFO] No arbitrage opportunities at the moment
[2025-04-11 09:40:12,554][INFO] Fetched prices: {'coinbase': 83209.71, 'binance': 82999.99}
[2025-04-11 09:40:12,554][INFO] No arbitrage opportunities at the moment
[2025-04-11 09:40:17,665][INFO] Fetched prices: {'coinbase': 83179.42, 'binance': 82999.99}
[2025-04-11 09:40:17,666][INFO] No arbitrage opportunities at the moment
[2025-04-11 09:40:22,768][INFO] Fetched prices: {'coinbase': 83181.75, 'binance': 82999.99}
[2025-04-11 09:40:22,769][INFO] No arbitrage opportunities at the moment
[2025-04-11 09:40:27,935][INFO] Fetched prices: {'coinbase': 83218.67, 'binance': 82999.99}
[2025-04-11 09:40:27,936][INFO] No arbitrage opportunities at the moment
[2025-04-11 09:40:33,041][INFO] Fetched prices: {'coinbase': 83152.5, 'binance': 82999.99}
[2025-04-11 09:40:33,042][INFO] No arbitrage opportunities at the moment
[2025-04-11 09:40:38,149][INFO] Fetched prices: {'coinbase': 83182.62, 'binance': 82999.99}
[2025-04-11 09:40:38,150][INFO] No arbitrage opportunities at the moment
[2025-04-11 09:40:43,250][INFO] Fetched prices: {'coinbase': 83153.09, 'binance': 82999.99}
[2025-04-11 09:40:43,252][INFO] No arbitrage opportunities at the moment
[2025-04-11 09:40:48,362][INFO] Fetched prices: {'coinbase': 83142.13, 'binance': 82999.99}
[2025-04-11 09:40:48,364][INFO] No arbitrage opportunities at the moment
[2025-04-11 09:40:53,466][INFO] Fetched prices: {'coinbase': 83050.18, 'binance': 82999.99}
[2025-04-11 09:40:53,468][INFO] No arbitrage opportunities at the moment
[2025-04-11 09:40:58,617][INFO] Fetched prices: {'coinbase': 83033.65, 'binance': 82999.99}
[2025-04-11 09:40:58,618][INFO] No arbitrage opportunities at the moment
[2025-04-11 09:41:03,687][INFO] Fetched prices: {'coinbase': 83021.5, 'binance': 82999.99}
[2025-04-11 09:41:03,688][INFO] No arbitrage opportunities at the moment
[2025-04-11 09:41:08,760][INFO] Fetched prices: {'coinbase': 83018.23, 'binance': 82999.99}
[2025-04-11 09:41:08,762][INFO] No arbitrage opportunities at the moment
[2025-04-11 09:41:13,938][INFO] Fetched prices: {'coinbase': 82995.95, 'binance': 82999.99}
[2025-04-11 09:41:13,940][INFO] No arbitrage opportunities at the moment
[2025-04-11 09:41:19,048][INFO] Fetched prices: {'coinbase': 83016.48, 'binance': 82999.99}
[2025-04-11 09:41:19,050][INFO] No arbitrage opportunities at the moment
[2025-04-11 09:41:24,163][INFO] Fetched prices: {'coinbase': 82995.79, 'binance': 82999.99}
[2025-04-11 09:41:24,164][INFO] No arbitrage opportunities at the moment
[2025-04-11 09:41:29,271][INFO] Fetched prices: {'coinbase': 82971.07, 'binance': 82999.99}
[2025-04-11 09:41:29,273][INFO] No arbitrage opportunities at the moment
[2025-04-11 09:41:34,371][INFO] Fetched prices: {'coinbase': 82931.65, 'binance': 82999.99}
[2025-04-11 09:41:34,372][INFO] No arbitrage opportunities at the moment
[2025-04-11 09:41:39,440][INFO] Fetched prices: {'coinbase': 82946.23, 'binance': 82999.99}
[2025-04-11 09:41:39,442][INFO] No arbitrage opportunities at the moment
[2025-04-11 09:41:44,550][INFO] Fetched prices: {'coinbase': 82941.84, 'binance': 82999.99}
[2025-04-11 09:41:44,551][INFO] No arbitrage opportunities at the moment
[2025-04-11 09:41:49,650][INFO] Fetched prices: {'coinbase': 82922.36, 'binance': 82999.99}
[2025-04-11 09:41:49,652][INFO] No arbitrage opportunities at the moment
[2025-04-11 09:41:54,817][INFO] Fetched prices: {'coinbase': 82931.36, 'binance': 82999.99}
[2025-04-11 09:41:54,817][INFO] No arbitrage opportunities at the moment
[2025-04-11 09:41:59,970][INFO] Fetched prices: {'coinbase': 82949.75, 'binance': 82999.99}
[2025-04-11 09:41:59,972][INFO] No arbitrage opportunities at the moment
[2025-04-11 09:42:05,083][INFO] Fetched prices: {'coinbase': 82940.64, 'binance': 82999.99}
[2025-04-11 09:42:05,085][INFO] No arbitrage opportunities at the moment
[2025-04-11 09:42:10,178][INFO] Fetched prices: {'coinbase': 82864.87, 'binance': 82999.99}
[2025-04-11 09:42:10,179][INFO] No arbitrage opportunities at the moment
[2025-04-11 09:42:15,286][INFO] Fetched prices: {'coinbase': 82850.12, 'binance': 82999.99}
[2025-04-11 09:42:15,288][INFO] No arbitrage opportunities at the moment
[2025-04-11 09:42:20,442][INFO] Fetched prices: {'coinbase': 82918.39, 'binance': 82999.99}
[2025-04-11 09:42:20,443][INFO] No arbitrage opportunities at the moment
[2025-04-11 09:42:25,549][INFO] Fetched prices: {'coinbase': 82911.62, 'binance': 82999.99}
[2025-04-11 09:42:25,550][INFO] No arbitrage opportunities at the moment
[2025-04-11 09:42:30,655][INFO] Fetched prices: {'coinbase': 82912.05, 'binance': 82999.99}
[2025-04-11 09:42:30,656][INFO] No arbitrage opportunities at the moment
[2025-04-11 09:42:35,762][INFO] Fetched prices: {'coinbase': 82896.87, 'binance': 82999.99}
[2025-04-11 09:42:35,764][INFO] No arbitrage opportunities at the moment
[2025-04-11 09:42:40,836][INFO] Fetched prices: {'coinbase': 82841.92, 'binance': 82999.99}
[2025-04-11 09:42:40,837][INFO] No arbitrage opportunities at the moment
[2025-04-11 09:42:45,945][INFO] Fetched prices: {'coinbase': 82919.41, 'binance': 82999.99}
[2025-04-11 09:42:45,947][INFO] No arbitrage opportunities at the moment
[2025-04-11 09:42:51,052][INFO] Fetched prices: {'coinbase': 82880.59, 'binance': 82999.99}
[2025-04-11 09:42:51,054][INFO] No arbitrage opportunities at the moment
[2025-04-11 09:42:56,168][INFO] Fetched prices: {'coinbase': 82871.01, 'binance': 82999.99}
[2025-04-11 09:42:56,169][INFO] No arbitrage opportunities at the moment
[2025-04-11 09:43:01,278][INFO] Fetched prices: {'coinbase': 82914.36, 'binance': 82999.99}
[2025-04-11 09:43:01,279][INFO] No arbitrage opportunities at the moment
[2025-04-11 09:43:06,400][INFO] Fetched prices: {'coinbase': 82934.41, 'binance': 82999.99}
[2025-04-11 09:43:06,401][INFO] No arbitrage opportunities at the moment
[2025-04-11 09:43:11,509][INFO] Fetched prices: {'coinbase': 82923.0, 'binance': 82999.99}
[2025-04-11 09:43:11,510][INFO] No arbitrage opportunities at the moment
[2025-04-11 09:43:16,617][INFO] Fetched prices: {'coinbase': 82926.68, 'binance': 82999.99}
[2025-04-11 09:43:16,618][INFO] No arbitrage opportunities at the moment
[2025-04-11 09:43:21,686][INFO] Fetched prices: {'coinbase': 82927.93, 'binance': 82999.99}
[2025-04-11 09:43:21,687][INFO] No arbitrage opportunities at the moment
[2025-04-11 09:43:26,755][INFO] Fetched prices: {'coinbase': 83024.11, 'binance': 82999.99}
[2025-04-11 09:43:26,756][INFO] No arbitrage opportunities at the moment
[2025-04-11 09:43:31,865][INFO] Fetched prices: {'coinbase': 83073.27, 'binance': 82999.99}
[2025-04-11 09:43:31,866][INFO] No arbitrage opportunities at the moment
[2025-04-11 09:43:37,026][INFO] Fetched prices: {'coinbase': 83113.98, 'binance': 82999.99}
[2025-04-11 09:43:37,028][INFO] No arbitrage opportunities at the moment
[2025-04-11 09:43:42,134][INFO] Fetched prices: {'coinbase': 83109.38, 'binance': 82999.99}
[2025-04-11 09:43:42,135][INFO] No arbitrage opportunities at the moment
[2025-04-11 09:43:47,205][INFO] Fetched prices: {'coinbase': 83137.17, 'binance': 82999.99}
[2025-04-11 09:43:47,207][INFO] No arbitrage opportunities at the moment
[2025-04-11 09:43:52,277][INFO] Fetched prices: {'coinbase': 83018.75, 'binance': 82999.99}
[2025-04-11 09:43:52,279][INFO] No arbitrage opportunities at the moment
[2025-04-11 09:43:57,383][INFO] Fetched prices: {'coinbase': 83041.09, 'binance': 82999.99}
[2025-04-11 09:43:57,384][INFO] No arbitrage opportunities at the moment
[2025-04-11 09:44:02,455][INFO] Fetched prices: {'coinbase': 83003.02, 'binance': 82999.99}
[2025-04-11 09:44:02,456][INFO] No arbitrage opportunities at the moment
[2025-04-11 09:44:07,522][INFO] Fetched prices: {'coinbase': 83008.3, 'binance': 82999.99}
[2025-04-11 09:44:07,523][INFO] No arbitrage opportunities at the moment
[2025-04-11 09:44:12,592][INFO] Fetched prices: {'coinbase': 83014.21, 'binance': 82999.99}
[2025-04-11 09:44:12,594][INFO] No arbitrage opportunities at the moment
[2025-04-11 09:44:17,667][INFO] Fetched prices: {'coinbase': 82963.15, 'binance': 82999.99}
[2025-04-11 09:44:17,668][INFO] No arbitrage opportunities at the moment
[2025-04-11 09:44:22,735][INFO] Fetched prices: {'coinbase': 82945.13, 'binance': 82999.99}
[2025-04-11 09:44:22,736][INFO] No arbitrage opportunities at the moment
[2025-04-11 09:44:27,908][INFO] Fetched prices: {'coinbase': 82969.12, 'binance': 82999.99}
[2025-04-11 09:44:27,909][INFO] No arbitrage opportunities at the moment
[2025-04-11 09:44:32,968][INFO] Fetched prices: {'coinbase': 82977.81, 'binance': 82999.99}
[2025-04-11 09:44:32,969][INFO] No arbitrage opportunities at the moment
[2025-04-11 09:44:38,032][INFO] Fetched prices: {'coinbase': 82977.89, 'binance': 82999.99}
[2025-04-11 09:44:38,032][INFO] No arbitrage opportunities at the moment
[2025-04-11 09:44:43,101][INFO] Fetched prices: {'coinbase': 82918.82, 'binance': 82999.99}
[2025-04-11 09:44:43,102][INFO] No arbitrage opportunities at the moment
[2025-04-11 09:44:48,200][INFO] Fetched prices: {'coinbase': 82930.39, 'binance': 82999.99}
[2025-04-11 09:44:48,200][INFO] No arbitrage opportunities at the moment
[2025-04-11 09:44:53,267][INFO] Fetched prices: {'coinbase': 82908.02, 'binance': 82999.99}
[2025-04-11 09:44:53,268][INFO] No arbitrage opportunities at the moment
[2025-04-11 09:44:58,337][INFO] Fetched prices: {'coinbase': 82882.99, 'binance': 82999.99}
[2025-04-11 09:44:58,338][INFO] No arbitrage opportunities at the moment
[2025-04-11 09:45:03,441][INFO] Fetched prices: {'coinbase': 82891.37, 'binance': 82999.99}
[2025-04-11 09:45:03,443][INFO] No arbitrage opportunities at the moment
[2025-04-11 09:45:08,549][INFO] Fetched prices: {'coinbase': 82858.58, 'binance': 82999.99}
[2025-04-11 09:45:08,551][INFO] No arbitrage opportunities at the moment
[2025-04-11 09:45:13,671][INFO] Fetched prices: {'coinbase': 82863.8, 'binance': 82999.99}
[2025-04-11 09:45:13,672][INFO] No arbitrage opportunities at the moment
[2025-04-11 09:45:18,742][INFO] Fetched prices: {'coinbase': 82911.65, 'binance': 82999.99}
[2025-04-11 09:45:18,744][INFO] No arbitrage opportunities at the moment
[2025-04-11 09:45:23,847][INFO] Fetched prices: {'coinbase': 82903.01, 'binance': 82999.99}
[2025-04-11 09:45:23,848][INFO] No arbitrage opportunities at the moment
[2025-04-11 09:45:28,994][INFO] Fetched prices: {'coinbase': 82879.07, 'binance': 82999.99}
[2025-04-11 09:45:28,995][INFO] No arbitrage opportunities at the moment
[2025-04-11 09:45:34,103][INFO] Fetched prices: {'coinbase': 82870.04, 'binance': 82999.99}
[2025-04-11 09:45:34,104][INFO] No arbitrage opportunities at the moment
[2025-04-11 09:45:39,281][INFO] Fetched prices: {'coinbase': 82836.13, 'binance': 82999.99}
[2025-04-11 09:45:39,283][INFO] No arbitrage opportunities at the moment
[2025-04-11 09:45:44,390][INFO] Fetched prices: {'coinbase': 82830.77, 'binance': 82999.99}
[2025-04-11 09:45:44,392][INFO] No arbitrage opportunities at the moment
[2025-04-11 09:45:49,492][INFO] Fetched prices: {'coinbase': 82805.35, 'binance': 82999.99}
[2025-04-11 09:45:49,492][INFO] No arbitrage opportunities at the moment
[2025-04-11 09:45:54,566][INFO] Fetched prices: {'coinbase': 82813.0, 'binance': 82999.99}
[2025-04-11 09:45:54,567][INFO] No arbitrage opportunities at the moment
[2025-04-11 09:45:59,706][INFO] Fetched prices: {'coinbase': 82817.49, 'binance': 82999.99}
[2025-04-11 09:45:59,707][INFO] No arbitrage opportunities at the moment
[2025-04-11 09:46:04,852][INFO] Fetched prices: {'coinbase': 82908.58, 'binance': 82999.99}
[2025-04-11 09:46:04,853][INFO] No arbitrage opportunities at the moment
[2025-04-11 09:46:09,956][INFO] Fetched prices: {'coinbase': 82896.29, 'binance': 82999.99}
[2025-04-11 09:46:09,957][INFO] No arbitrage opportunities at the moment
[2025-04-11 09:46:15,063][INFO] Fetched prices: {'coinbase': 82954.29, 'binance': 82999.99}
[2025-04-11 09:46:15,065][INFO] No arbitrage opportunities at the moment
[2025-04-11 09:46:20,134][INFO] Fetched prices: {'coinbase': 83017.28, 'binance': 82999.99}
[2025-04-11 09:46:20,135][INFO] No arbitrage opportunities at the moment
[2025-04-11 09:46:25,210][INFO] Fetched prices: {'coinbase': 82944.21, 'binance': 82999.99}
[2025-04-11 09:46:25,212][INFO] No arbitrage opportunities at the moment
[2025-04-11 09:46:30,309][INFO] Fetched prices: {'coinbase': 83020.4, 'binance': 82999.99}
[2025-04-11 09:46:30,310][INFO] No arbitrage opportunities at the moment
[2025-04-11 09:46:35,422][INFO] Fetched prices: {'coinbase': 83023.34, 'binance': 82999.99}
[2025-04-11 09:46:35,424][INFO] No arbitrage opportunities at the moment
[2025-04-11 09:46:40,540][INFO] Fetched prices: {'coinbase': 83010.11, 'binance': 82999.99}
[2025-04-11 09:46:40,541][INFO] No arbitrage opportunities at the moment
[2025-04-11 09:46:45,648][INFO] Fetched prices: {'coinbase': 82989.58, 'binance': 82999.99}
[2025-04-11 09:46:45,650][INFO] No arbitrage opportunities at the moment
[2025-04-11 09:46:50,754][INFO] Fetched prices: {'coinbase': 83005.11, 'binance': 82999.99}
[2025-04-11 09:46:50,755][INFO] No arbitrage opportunities at the moment
[2025-04-11 09:46:55,907][INFO] Fetched prices: {'coinbase': 83017.97, 'binance': 82999.99}
[2025-04-11 09:46:55,908][INFO] No arbitrage opportunities at the moment
[2025-04-11 09:47:01,005][INFO] Fetched prices: {'coinbase': 83029.0, 'binance': 82999.99}
[2025-04-11 09:47:01,005][INFO] No arbitrage opportunities at the moment
[2025-04-11 09:47:06,119][INFO] Fetched prices: {'coinbase': 83075.15, 'binance': 82999.99}
[2025-04-11 09:47:06,120][INFO] No arbitrage opportunities at the moment
[2025-04-11 09:47:11,233][INFO] Fetched prices: {'coinbase': 83096.55, 'binance': 82999.99}
[2025-04-11 09:47:11,235][INFO] No arbitrage opportunities at the moment
[2025-04-11 09:47:16,349][INFO] Fetched prices: {'coinbase': 83134.51, 'binance': 82999.99}
[2025-04-11 09:47:16,350][INFO] No arbitrage opportunities at the moment
[2025-04-11 09:47:21,438][INFO] Fetched prices: {'coinbase': 83118.42, 'binance': 82999.99}
[2025-04-11 09:47:21,439][INFO] No arbitrage opportunities at the moment
[2025-04-11 09:47:26,550][INFO] Fetched prices: {'coinbase': 83112.71, 'binance': 82999.99}
[2025-04-11 09:47:26,551][INFO] No arbitrage opportunities at the moment
[2025-04-11 09:47:31,663][INFO] Fetched prices: {'coinbase': 83108.84, 'binance': 82999.99}
[2025-04-11 09:47:31,664][INFO] No arbitrage opportunities at the moment
[2025-04-11 09:47:36,774][INFO] Fetched prices: {'coinbase': 83135.12, 'binance': 82999.99}
[2025-04-11 09:47:36,775][INFO] No arbitrage opportunities at the moment
[2025-04-11 09:47:41,923][INFO] Fetched prices: {'coinbase': 83079.22, 'binance': 82999.99}
[2025-04-11 09:47:41,925][INFO] No arbitrage opportunities at the moment
[2025-04-11 09:47:47,027][INFO] Fetched prices: {'coinbase': 83116.14, 'binance': 82999.99}
[2025-04-11 09:47:47,029][INFO] No arbitrage opportunities at the moment
[2025-04-11 09:47:52,097][INFO] Fetched prices: {'coinbase': 83133.6, 'binance': 82999.99}
[2025-04-11 09:47:52,098][INFO] No arbitrage opportunities at the moment
[2025-04-11 09:47:57,213][INFO] Fetched prices: {'coinbase': 83130.11, 'binance': 82999.99}
[2025-04-11 09:47:57,215][INFO] No arbitrage opportunities at the moment
[2025-04-11 09:48:02,371][INFO] Fetched prices: {'coinbase': 83130.08, 'binance': 82999.99}
[2025-04-11 09:48:02,371][INFO] No arbitrage opportunities at the moment
[2025-04-11 09:48:07,477][INFO] Fetched prices: {'coinbase': 83109.78, 'binance': 82999.99}
[2025-04-11 09:48:07,478][INFO] No arbitrage opportunities at the moment
[2025-04-11 09:48:12,586][INFO] Fetched prices: {'coinbase': 83086.22, 'binance': 82999.99}
[2025-04-11 09:48:12,588][INFO] No arbitrage opportunities at the moment
[2025-04-11 09:48:17,688][INFO] Fetched prices: {'coinbase': 83141.21, 'binance': 82999.99}
[2025-04-11 09:48:17,689][INFO] No arbitrage opportunities at the moment
[2025-04-11 09:48:22,774][INFO] Fetched prices: {'coinbase': 83149.99, 'binance': 82999.99}
[2025-04-11 09:48:22,775][INFO] No arbitrage opportunities at the moment
[2025-04-11 09:48:27,923][INFO] Fetched prices: {'coinbase': 83142.86, 'binance': 82999.99}
[2025-04-11 09:48:27,924][INFO] No arbitrage opportunities at the moment
[2025-04-11 09:48:33,029][INFO] Fetched prices: {'coinbase': 83135.67, 'binance': 82999.99}
[2025-04-11 09:48:33,029][INFO] No arbitrage opportunities at the moment
[2025-04-11 09:48:38,193][INFO] Fetched prices: {'coinbase': 83145.11, 'binance': 82999.99}
[2025-04-11 09:48:38,195][INFO] No arbitrage opportunities at the moment
[2025-04-11 09:48:43,301][INFO] Fetched prices: {'coinbase': 83172.6, 'binance': 82999.99}
[2025-04-11 09:48:43,302][INFO] No arbitrage opportunities at the moment
[2025-04-11 09:48:48,406][INFO] Fetched prices: {'coinbase': 83154.7, 'binance': 82999.99}
[2025-04-11 09:48:48,406][INFO] No arbitrage opportunities at the moment
[2025-04-11 09:48:53,486][INFO] Fetched prices: {'coinbase': 83131.14, 'binance': 82999.99}
[2025-04-11 09:48:53,487][INFO] No arbitrage opportunities at the moment
[2025-04-11 09:48:58,617][INFO] Fetched prices: {'coinbase': 83150.04, 'binance': 82999.99}
[2025-04-11 09:48:58,618][INFO] No arbitrage opportunities at the moment
[2025-04-11 09:49:03,687][INFO] Fetched prices: {'coinbase': 83099.23, 'binance': 82999.99}
[2025-04-11 09:49:03,689][INFO] No arbitrage opportunities at the moment
[2025-04-11 09:49:08,755][INFO] Fetched prices: {'coinbase': 83021.0, 'binance': 82999.99}
[2025-04-11 09:49:08,757][INFO] No arbitrage opportunities at the moment
[2025-04-11 09:49:13,875][INFO] Fetched prices: {'coinbase': 83016.45, 'binance': 82999.99}
[2025-04-11 09:49:13,876][INFO] No arbitrage opportunities at the moment
[2025-04-11 09:49:19,032][INFO] Fetched prices: {'coinbase': 83067.31, 'binance': 82999.99}
[2025-04-11 09:49:19,033][INFO] No arbitrage opportunities at the moment
[2025-04-11 09:49:24,131][INFO] Fetched prices: {'coinbase': 83091.84, 'binance': 82999.99}
[2025-04-11 09:49:24,132][INFO] No arbitrage opportunities at the moment
[2025-04-11 09:49:29,203][INFO] Fetched prices: {'coinbase': 83101.32, 'binance': 82999.99}
[2025-04-11 09:49:29,205][INFO] No arbitrage opportunities at the moment
[2025-04-11 09:49:34,303][INFO] Fetched prices: {'coinbase': 83100.69, 'binance': 82999.99}
[2025-04-11 09:49:34,304][INFO] No arbitrage opportunities at the moment
[2025-04-11 09:49:39,444][INFO] Fetched prices: {'coinbase': 83119.93, 'binance': 82999.99}
[2025-04-11 09:49:39,444][INFO] No arbitrage opportunities at the moment
[2025-04-11 09:49:44,513][INFO] Fetched prices: {'coinbase': 83104.54, 'binance': 82999.99}
[2025-04-11 09:49:44,513][INFO] No arbitrage opportunities at the moment
[2025-04-11 09:49:49,568][INFO] Fetched prices: {'coinbase': 83115.96, 'binance': 82999.99}
[2025-04-11 09:49:49,568][INFO] No arbitrage opportunities at the moment
[2025-04-11 09:49:54,630][INFO] Fetched prices: {'coinbase': 83073.18, 'binance': 82999.99}
[2025-04-11 09:49:54,630][INFO] No arbitrage opportunities at the moment
[2025-04-11 09:49:59,690][INFO] Fetched prices: {'coinbase': 83078.86, 'binance': 82999.99}
[2025-04-11 09:49:59,691][INFO] No arbitrage opportunities at the moment
